2023-08-07 11:53:31,422 :DEBUG : test_TC_RF_004 : Open the browser
2023-08-07 11:53:35,314 :DEBUG : test_TC_RF_004 :Navigated to the homepage
2023-08-07 11:53:37,766 :DEBUG : test_TC_RF_004 :Navigated to the account registration page
2023-08-07 11:54:10,298 :DEBUG : test_TC_RF_004 : Open the browser
2023-08-07 11:54:13,585 :DEBUG : test_TC_RF_004 :Navigated to the homepage
2023-08-07 11:54:15,855 :DEBUG : test_TC_RF_004 :Navigated to the account registration page
2023-08-07 11:56:09,567 :DEBUG : test_TC_RF_004 : Open the browser
2023-08-07 11:56:12,670 :DEBUG : test_TC_RF_004 :Navigated to the homepage
2023-08-07 11:56:14,890 :DEBUG : test_TC_RF_004 :Navigated to the account registration page
2023-08-07 11:56:45,376 :DEBUG : test_TC_RF_004 : Open the browser
2023-08-07 11:56:50,192 :DEBUG : test_TC_RF_004 :Navigated to the homepage
2023-08-07 11:56:51,515 :DEBUG : test_TC_RF_004 :Navigated to the account registration page
2023-08-07 12:09:24,410 :DEBUG : test_TC_RF_004 : Open the browser
2023-08-07 12:09:27,900 :DEBUG : test_TC_RF_004 :Navigated to the homepage
2023-08-07 12:09:30,621 :DEBUG : test_TC_RF_004 :Navigated to the account registration page
2023-08-07 12:24:57,471 :DEBUG : test_TC_RF_008 : Open the browser
2023-08-07 12:25:01,999 :DEBUG : test_TC_RF_008 :Navigated to the homepage
2023-08-07 12:25:03,603 :DEBUG : test_TC_RF_008 :Navigated to the account registration page
2023-08-07 14:03:07,157 :INFO : test_TC_LF_002 :Navigate to the login page
2023-08-07 14:03:12,662 :INFO : test_TC_LF_002 :login error message displayed as expected
2023-08-07 14:45:31,532 :INFO : test_TC_LF_001 :Navigate to the login page
2023-08-07 14:45:33,402 :INFO : test_TC_LF_002 :Navigate to the login page
2023-08-07 14:45:35,350 :DEBUG : test_TC_RF_001 : Open the browser
2023-08-07 14:45:39,810 :INFO : test_TC_RF_001 :Navigated to the homepage
2023-08-07 14:45:40,564 :INFO : test_TC_RF_001 :Navigated to the account registration page
2023-08-07 14:45:51,469 :ERROR : test_TC_RF_001 :Unable to register the account
2023-08-07 14:45:53,700 :DEBUG : test_TC_RF_004 : Open the browser
2023-08-07 14:45:59,069 :DEBUG : test_TC_RF_004 :Navigated to the homepage
2023-08-07 14:46:00,318 :INFO : test_TC_RF_004 :Navigated to the account registration page
2023-08-07 14:46:00,352 :INFO : test_TC_RF_004 :Blank first name
2023-08-07 14:46:00,371 :INFO : test_TC_RF_004 :Error message displayed
2023-08-07 14:46:02,284 :DEBUG : test_TC_RF_008 : Open the browser
2023-08-07 14:46:06,514 :DEBUG : test_TC_RF_008 :Navigated to the homepage
2023-08-07 14:46:08,828 :DEBUG : test_TC_RF_008 :Navigated to the account registration page
2023-08-07 14:46:09,251 :INFO : test_TC_RF_008 :Provided password that doesnt match
2023-08-07 14:46:09,665 :ERROR : test_TC_RF_008 :Password mismatch error message nto displayed
2023-08-07 14:49:41,465 :INFO : test_TC_LF_001 :Navigate to the login page
2023-08-07 14:49:46,394 :ERROR : test_TC_LF_001 :log in not successful
2023-08-07 14:49:48,531 :INFO : test_TC_LF_002 :Navigate to the login page
2023-08-07 14:49:52,959 :INFO : test_TC_LF_002 :login error message displayed as expected
2023-08-07 14:49:54,835 :DEBUG : test_TC_RF_001 : Open the browser
2023-08-07 14:50:00,108 :INFO : test_TC_RF_001 :Navigated to the homepage
2023-08-07 14:50:01,208 :INFO : test_TC_RF_001 :Navigated to the account registration page
2023-08-07 14:50:12,122 :ERROR : test_TC_RF_001 :Unable to register the account
2023-08-07 14:50:14,061 :DEBUG : test_TC_RF_004 : Open the browser
2023-08-07 14:50:18,893 :DEBUG : test_TC_RF_004 :Navigated to the homepage
2023-08-07 14:50:21,148 :INFO : test_TC_RF_004 :Navigated to the account registration page
2023-08-07 14:50:21,183 :INFO : test_TC_RF_004 :Blank first name
2023-08-07 14:50:21,205 :INFO : test_TC_RF_004 :Error message displayed
2023-08-07 14:50:23,198 :DEBUG : test_TC_RF_008 : Open the browser
2023-08-07 14:50:26,932 :DEBUG : test_TC_RF_008 :Navigated to the homepage
2023-08-07 14:50:28,931 :DEBUG : test_TC_RF_008 :Navigated to the account registration page
2023-08-07 14:50:29,348 :INFO : test_TC_RF_008 :Provided password that doesnt match
2023-08-07 14:50:29,760 :ERROR : test_TC_RF_008 :Password mismatch error message nto displayed
2023-08-07 14:52:28,377 :INFO : test_TC_LF_001 :Navigate to the login page
2023-08-07 14:52:35,156 :ERROR : test_TC_LF_001 :log in not successful
2023-08-07 14:52:36,762 :INFO : test_TC_LF_002 :Navigate to the login page
2023-08-07 14:52:43,281 :INFO : test_TC_LF_002 :login error message displayed as expected
2023-08-07 14:52:44,779 :DEBUG : test_TC_RF_001 : Open the browser
2023-08-07 14:52:48,895 :INFO : test_TC_RF_001 :Navigated to the homepage
2023-08-07 14:52:50,820 :INFO : test_TC_RF_001 :Navigated to the account registration page
2023-08-07 14:53:01,741 :ERROR : test_TC_RF_001 :Unable to register the account
2023-08-07 14:53:04,009 :DEBUG : test_TC_RF_004 : Open the browser
2023-08-07 14:53:07,630 :DEBUG : test_TC_RF_004 :Navigated to the homepage
2023-08-07 14:53:10,632 :INFO : test_TC_RF_004 :Navigated to the account registration page
2023-08-07 14:53:10,666 :INFO : test_TC_RF_004 :Blank first name
2023-08-07 14:53:10,685 :INFO : test_TC_RF_004 :Error message displayed
2023-08-07 14:53:12,260 :DEBUG : test_TC_RF_008 : Open the browser
2023-08-07 14:53:16,241 :DEBUG : test_TC_RF_008 :Navigated to the homepage
2023-08-07 14:53:18,812 :DEBUG : test_TC_RF_008 :Navigated to the account registration page
2023-08-07 14:53:19,223 :INFO : test_TC_RF_008 :Provided password that doesnt match
2023-08-07 14:53:19,731 :ERROR : test_TC_RF_008 :Password mismatch error message nto displayed
2023-08-07 15:04:56,154 :INFO : test_TC_LF_001 :Navigate to the login page
2023-08-07 15:05:01,039 :ERROR : test_TC_LF_001 :log in not successful
2023-08-07 15:05:03,316 :INFO : test_TC_LF_002 :Navigate to the login page
2023-08-07 15:05:09,572 :ERROR : test_TC_LF_002 :log in error message nto displayed
2023-08-07 15:05:11,738 :DEBUG : test_TC_RF_001 : Open the browser
2023-08-07 15:05:15,527 :INFO : test_TC_RF_001 :Navigated to the homepage
2023-08-07 15:05:16,332 :INFO : test_TC_RF_001 :Navigated to the account registration page
2023-08-07 15:05:27,251 :ERROR : test_TC_RF_001 :Unable to register the account
2023-08-07 15:05:29,696 :DEBUG : test_TC_RF_004 : Open the browser
2023-08-07 15:05:33,574 :DEBUG : test_TC_RF_004 :Navigated to the homepage
2023-08-07 15:05:34,949 :INFO : test_TC_RF_004 :Navigated to the account registration page
2023-08-07 15:05:34,983 :INFO : test_TC_RF_004 :Blank first name
2023-08-07 15:05:35,002 :INFO : test_TC_RF_004 :Error message displayed
2023-08-07 15:05:37,804 :DEBUG : test_TC_RF_008 : Open the browser
2023-08-07 15:05:41,351 :DEBUG : test_TC_RF_008 :Navigated to the homepage
2023-08-07 15:05:43,588 :DEBUG : test_TC_RF_008 :Navigated to the account registration page
2023-08-07 15:05:44,004 :INFO : test_TC_RF_008 :Provided password that doesnt match
2023-08-07 15:05:44,471 :ERROR : test_TC_RF_008 :Password mismatch error message nto displayed
2023-08-07 15:24:17,452 :INFO : test_TC_LF_001 :Navigate to the login page
2023-08-07 15:24:22,663 :ERROR : test_TC_LF_001 :log in not successful
2023-08-07 15:24:25,179 :INFO : test_TC_LF_002 :Navigate to the login page
2023-08-07 15:24:30,064 :INFO : test_TC_LF_002 :login error message displayed as expected
2023-08-07 15:24:32,412 :DEBUG : test_TC_RF_001 : Open the browser
2023-08-07 15:24:36,448 :INFO : test_TC_RF_001 :Navigated to the homepage
2023-08-07 15:24:37,194 :INFO : test_TC_RF_001 :Navigated to the account registration page
2023-08-07 15:24:48,183 :ERROR : test_TC_RF_001 :Unable to register the account
2023-08-07 15:24:50,255 :DEBUG : test_TC_RF_004 : Open the browser
2023-08-07 15:24:54,354 :DEBUG : test_TC_RF_004 :Navigated to the homepage
2023-08-07 15:24:56,816 :INFO : test_TC_RF_004 :Navigated to the account registration page
2023-08-07 15:24:56,853 :INFO : test_TC_RF_004 :Blank first name
2023-08-07 15:24:56,873 :INFO : test_TC_RF_004 :Error message displayed
2023-08-07 15:24:58,579 :DEBUG : test_TC_RF_008 : Open the browser
2023-08-07 15:25:02,765 :DEBUG : test_TC_RF_008 :Navigated to the homepage
2023-08-07 15:25:03,587 :DEBUG : test_TC_RF_008 :Navigated to the account registration page
2023-08-07 15:25:03,994 :INFO : test_TC_RF_008 :Provided password that doesnt match
2023-08-07 15:25:05,560 :ERROR : test_TC_RF_008 :Password mismatch error message nto displayed
2023-08-07 15:39:32,998 :INFO : test_TC_LF_001 :Navigate to the login page
2023-08-07 15:39:39,816 :ERROR : test_TC_LF_001 :log in not successful
2023-08-07 15:39:41,782 :INFO : test_TC_LF_002 :Navigate to the login page
2023-08-07 15:39:47,798 :INFO : test_TC_LF_002 :login error message displayed as expected
2023-08-07 15:39:49,454 :DEBUG : test_TC_RF_001 : Open the browser
2023-08-07 15:39:53,270 :INFO : test_TC_RF_001 :Navigated to the homepage
2023-08-07 15:39:55,480 :INFO : test_TC_RF_001 :Navigated to the account registration page
2023-08-07 15:40:06,456 :ERROR : test_TC_RF_001 :Unable to register the account
2023-08-07 15:40:08,388 :DEBUG : test_TC_RF_004 : Open the browser
2023-08-07 15:40:12,615 :DEBUG : test_TC_RF_004 :Navigated to the homepage
2023-08-07 15:40:14,824 :INFO : test_TC_RF_004 :Navigated to the account registration page
2023-08-07 15:40:14,857 :INFO : test_TC_RF_004 :Blank first name
2023-08-07 15:40:14,876 :INFO : test_TC_RF_004 :Error message displayed
2023-08-07 15:40:16,462 :DEBUG : test_TC_RF_008 : Open the browser
2023-08-07 15:40:21,227 :DEBUG : test_TC_RF_008 :Navigated to the homepage
2023-08-07 15:40:21,932 :DEBUG : test_TC_RF_008 :Navigated to the account registration page
2023-08-07 15:40:22,327 :INFO : test_TC_RF_008 :Provided password that doesnt match
2023-08-07 15:40:23,418 :ERROR : test_TC_RF_008 :Password mismatch error message nto displayed
2023-08-07 15:42:07,202 :INFO : test_TC_LF_001 :Navigate to the login page
2023-08-07 15:42:18,874 :ERROR : test_TC_LF_001 :log in not successful
2023-08-07 15:42:21,802 :INFO : test_TC_LF_002 :Navigate to the login page
2023-08-07 15:42:26,513 :INFO : test_TC_LF_002 :login error message displayed as expected
2023-08-07 15:42:28,800 :DEBUG : test_TC_RF_001 : Open the browser
2023-08-07 15:42:34,161 :INFO : test_TC_RF_001 :Navigated to the homepage
2023-08-07 15:42:35,868 :INFO : test_TC_RF_001 :Navigated to the account registration page
2023-08-07 15:42:46,797 :ERROR : test_TC_RF_001 :Unable to register the account
2023-08-07 15:42:48,766 :DEBUG : test_TC_RF_004 : Open the browser
2023-08-07 15:42:52,609 :DEBUG : test_TC_RF_004 :Navigated to the homepage
2023-08-07 15:42:54,908 :INFO : test_TC_RF_004 :Navigated to the account registration page
2023-08-07 15:42:54,942 :INFO : test_TC_RF_004 :Blank first name
2023-08-07 15:42:54,960 :INFO : test_TC_RF_004 :Error message displayed
2023-08-07 15:42:56,836 :DEBUG : test_TC_RF_008 : Open the browser
2023-08-07 15:43:00,394 :DEBUG : test_TC_RF_008 :Navigated to the homepage
2023-08-07 15:43:02,113 :DEBUG : test_TC_RF_008 :Navigated to the account registration page
2023-08-07 15:43:02,511 :INFO : test_TC_RF_008 :Provided password that doesnt match
2023-08-07 15:43:02,942 :ERROR : test_TC_RF_008 :Password mismatch error message nto displayed
2023-08-07 15:55:29,020 :INFO : test_TC_LF_001 :Navigate to the login page
2023-08-07 15:55:35,091 :ERROR : test_TC_LF_001 :log in not successful
2023-08-07 15:55:37,140 :INFO : test_TC_LF_002 :Navigate to the login page
2023-08-07 15:55:42,521 :ERROR : test_TC_LF_002 :log in error message nto displayed
2023-08-07 15:55:44,478 :DEBUG : test_TC_RF_001 : Open the browser
2023-08-07 15:55:48,939 :INFO : test_TC_RF_001 :Navigated to the homepage
2023-08-07 15:55:50,079 :INFO : test_TC_RF_001 :Navigated to the account registration page
2023-08-07 15:56:00,947 :ERROR : test_TC_RF_001 :Unable to register the account
2023-08-07 15:56:02,827 :DEBUG : test_TC_RF_004 : Open the browser
2023-08-07 15:56:07,507 :DEBUG : test_TC_RF_004 :Navigated to the homepage
2023-08-07 15:56:10,027 :INFO : test_TC_RF_004 :Navigated to the account registration page
2023-08-07 15:56:10,064 :INFO : test_TC_RF_004 :Blank first name
2023-08-07 15:56:10,083 :INFO : test_TC_RF_004 :Error message displayed
2023-08-07 15:56:11,859 :DEBUG : test_TC_RF_008 : Open the browser
2023-08-07 15:56:15,030 :DEBUG : test_TC_RF_008 :Navigated to the homepage
2023-08-07 15:56:16,962 :DEBUG : test_TC_RF_008 :Navigated to the account registration page
2023-08-07 15:56:17,386 :INFO : test_TC_RF_008 :Provided password that doesnt match
2023-08-07 15:56:17,887 :ERROR : test_TC_RF_008 :Password mismatch error message nto displayed
2023-08-08 11:55:13,844 :INFO : test_TC_LF_001 :Navigate to the login page
2023-08-08 11:57:31,405 :INFO : test_TC_LF_001 :Navigate to the login page
2023-08-08 11:57:38,131 :ERROR : test_TC_LF_001 :log in not successful
2023-08-08 11:57:39,966 :INFO : test_TC_LF_002 :Navigate to the login page
2023-08-08 11:57:45,075 :INFO : test_TC_LF_002 :login error message displayed as expected
2023-08-08 11:57:47,908 :DEBUG : test_TC_RF_001 : Open the browser
2023-08-08 11:57:51,757 :INFO : test_TC_RF_001 :Navigated to the homepage
2023-08-08 11:57:52,567 :INFO : test_TC_RF_001 :Navigated to the account registration page
2023-08-08 11:58:03,491 :ERROR : test_TC_RF_001 :Unable to register the account
2023-08-08 11:58:05,363 :DEBUG : test_TC_RF_004 : Open the browser
2023-08-08 11:58:11,468 :DEBUG : test_TC_RF_004 :Navigated to the homepage
2023-08-08 11:58:12,815 :INFO : test_TC_RF_004 :Navigated to the account registration page
2023-08-08 11:58:12,851 :INFO : test_TC_RF_004 :Blank first name
2023-08-08 11:58:12,872 :INFO : test_TC_RF_004 :Error message displayed
2023-08-08 11:58:15,077 :DEBUG : test_TC_RF_008 : Open the browser
2023-08-08 11:58:18,324 :DEBUG : test_TC_RF_008 :Navigated to the homepage
2023-08-08 11:58:20,322 :DEBUG : test_TC_RF_008 :Navigated to the account registration page
2023-08-08 11:58:20,730 :INFO : test_TC_RF_008 :Provided password that doesnt match
2023-08-08 11:58:21,229 :ERROR : test_TC_RF_008 :Password mismatch error message nto displayed
2023-08-08 12:02:06,601 :INFO : test_TC_LF_001 :Navigate to the login page
2023-08-08 12:02:12,145 :ERROR : test_TC_LF_001 :log in not successful
2023-08-08 12:02:14,243 :INFO : test_TC_LF_002 :Navigate to the login page
2023-08-08 12:02:20,158 :INFO : test_TC_LF_002 :login error message displayed as expected
2023-08-08 12:02:21,697 :DEBUG : test_TC_RF_001 : Open the browser
2023-08-08 12:02:25,756 :INFO : test_TC_RF_001 :Navigated to the homepage
2023-08-08 12:02:26,738 :INFO : test_TC_RF_001 :Navigated to the account registration page
2023-08-08 12:02:37,653 :ERROR : test_TC_RF_001 :Unable to register the account
2023-08-08 12:02:39,690 :DEBUG : test_TC_RF_004 : Open the browser
2023-08-08 12:02:43,617 :DEBUG : test_TC_RF_004 :Navigated to the homepage
2023-08-08 12:02:44,799 :INFO : test_TC_RF_004 :Navigated to the account registration page
2023-08-08 12:02:44,834 :INFO : test_TC_RF_004 :Blank first name
2023-08-08 12:02:44,854 :INFO : test_TC_RF_004 :Error message displayed
2023-08-08 12:02:47,045 :DEBUG : test_TC_RF_008 : Open the browser
2023-08-08 12:02:50,975 :DEBUG : test_TC_RF_008 :Navigated to the homepage
2023-08-08 12:02:52,573 :DEBUG : test_TC_RF_008 :Navigated to the account registration page
2023-08-08 12:02:52,992 :INFO : test_TC_RF_008 :Provided password that doesnt match
2023-08-08 12:02:53,419 :ERROR : test_TC_RF_008 :Password mismatch error message nto displayed
2023-08-08 12:14:58,912 :INFO : test_TC_LF_001 :Navigate to the login page
2023-08-08 12:15:03,335 :ERROR : test_TC_LF_001 :log in not successful
2023-08-08 12:15:05,653 :INFO : test_TC_LF_002 :Navigate to the login page
2023-08-08 12:15:10,818 :INFO : test_TC_LF_002 :login error message displayed as expected
2023-08-08 12:15:12,769 :DEBUG : test_TC_RF_001 : Open the browser
2023-08-08 12:15:16,308 :INFO : test_TC_RF_001 :Navigated to the homepage
2023-08-08 12:15:18,437 :INFO : test_TC_RF_001 :Navigated to the account registration page
2023-08-08 12:15:29,379 :ERROR : test_TC_RF_001 :Unable to register the account
2023-08-08 12:15:31,308 :DEBUG : test_TC_RF_004 : Open the browser
2023-08-08 12:15:34,945 :DEBUG : test_TC_RF_004 :Navigated to the homepage
2023-08-08 12:15:37,264 :INFO : test_TC_RF_004 :Navigated to the account registration page
2023-08-08 12:15:37,302 :INFO : test_TC_RF_004 :Blank first name
2023-08-08 12:15:37,321 :INFO : test_TC_RF_004 :Error message displayed
2023-08-08 12:15:39,296 :DEBUG : test_TC_RF_008 : Open the browser
2023-08-08 12:15:42,616 :DEBUG : test_TC_RF_008 :Navigated to the homepage
2023-08-08 12:15:45,325 :DEBUG : test_TC_RF_008 :Navigated to the account registration page
2023-08-08 12:15:45,720 :INFO : test_TC_RF_008 :Provided password that doesnt match
2023-08-08 12:15:46,148 :ERROR : test_TC_RF_008 :Password mismatch error message nto displayed
2023-08-08 12:16:30,895 :INFO : test_TC_LF_001 :Navigate to the login page
2023-08-08 12:16:36,610 :ERROR : test_TC_LF_001 :log in not successful
2023-08-08 12:16:38,644 :INFO : test_TC_LF_002 :Navigate to the login page
2023-08-08 12:16:44,713 :INFO : test_TC_LF_002 :login error message displayed as expected
2023-08-08 12:16:46,302 :DEBUG : test_TC_RF_001 : Open the browser
2023-08-08 12:16:49,735 :INFO : test_TC_RF_001 :Navigated to the homepage
2023-08-08 12:16:52,396 :INFO : test_TC_RF_001 :Navigated to the account registration page
2023-08-08 12:17:03,289 :ERROR : test_TC_RF_001 :Unable to register the account
2023-08-08 12:17:05,185 :DEBUG : test_TC_RF_004 : Open the browser
2023-08-08 12:17:11,019 :DEBUG : test_TC_RF_004 :Navigated to the homepage
2023-08-08 12:17:12,962 :INFO : test_TC_RF_004 :Navigated to the account registration page
2023-08-08 12:17:12,999 :INFO : test_TC_RF_004 :Blank first name
2023-08-08 12:17:13,018 :INFO : test_TC_RF_004 :Error message displayed
2023-08-08 12:17:14,735 :DEBUG : test_TC_RF_008 : Open the browser
2023-08-08 12:17:18,649 :DEBUG : test_TC_RF_008 :Navigated to the homepage
2023-08-08 12:17:19,395 :DEBUG : test_TC_RF_008 :Navigated to the account registration page
2023-08-08 12:17:19,792 :INFO : test_TC_RF_008 :Provided password that doesnt match
2023-08-08 12:17:21,337 :ERROR : test_TC_RF_008 :Password mismatch error message nto displayed
2023-08-08 12:38:59,330 :INFO : test_TC_LF_001 :Navigate to the login page
2023-08-08 12:39:06,815 :ERROR : test_TC_LF_001 :log in not successful
2023-08-08 12:50:42,409 :INFO : test_TC_LF_001 :Navigate to the login page
2023-08-08 12:50:47,788 :ERROR : test_TC_LF_001 :log in not successful
2023-08-08 12:54:37,992 :INFO : test_TC_LF_001 :Navigate to the login page
2023-08-08 12:54:44,115 :ERROR : test_TC_LF_001 :log in not successful
2023-08-08 12:57:05,483 :INFO : test_TC_LF_001 :Navigate to the login page
2023-08-08 12:57:10,832 :ERROR : test_TC_LF_001 :log in not successful
2023-08-08 13:06:39,675 :INFO : test_TC_LF_001 :Navigate to the login page
2023-08-08 13:06:43,782 :ERROR : test_TC_LF_001 :log in not successful
2023-08-08 13:07:11,944 :INFO : test_TC_LF_001 :Navigate to the login page
2023-08-08 13:07:17,392 :ERROR : test_TC_LF_001 :log in not successful
2023-08-08 13:07:18,848 :INFO : test_TC_LF_002 :Navigate to the login page
2023-08-08 13:07:24,206 :ERROR : test_TC_LF_002 :log in error message nto displayed
2023-08-08 13:07:26,683 :DEBUG : test_TC_RF_001 : Open the browser
2023-08-08 13:07:31,099 :INFO : test_TC_RF_001 :Navigated to the homepage
2023-08-08 13:07:32,236 :INFO : test_TC_RF_001 :Navigated to the account registration page
2023-08-08 13:07:43,171 :ERROR : test_TC_RF_001 :Unable to register the account
2023-08-08 13:07:44,863 :DEBUG : test_TC_RF_004 : Open the browser
2023-08-08 13:07:48,190 :DEBUG : test_TC_RF_004 :Navigated to the homepage
2023-08-08 13:07:50,990 :INFO : test_TC_RF_004 :Navigated to the account registration page
2023-08-08 13:07:51,026 :INFO : test_TC_RF_004 :Blank first name
2023-08-08 13:07:51,045 :INFO : test_TC_RF_004 :Error message displayed
2023-08-08 13:07:52,743 :DEBUG : test_TC_RF_008 : Open the browser
2023-08-08 13:07:56,794 :DEBUG : test_TC_RF_008 :Navigated to the homepage
2023-08-08 13:07:58,407 :DEBUG : test_TC_RF_008 :Navigated to the account registration page
2023-08-08 13:07:58,815 :INFO : test_TC_RF_008 :Provided password that doesnt match
2023-08-08 13:07:59,308 :ERROR : test_TC_RF_008 :Password mismatch error message nto displayed
2023-08-08 13:13:10,738 :INFO : test_TC_LF_001 :Navigate to the login page
2023-08-08 13:13:15,576 :ERROR : test_TC_LF_001 :log in not successful
2023-08-08 13:13:17,927 :INFO : test_TC_LF_002 :Navigate to the login page
2023-08-08 13:13:22,550 :INFO : test_TC_LF_002 :login error message displayed as expected
2023-08-08 13:13:24,571 :DEBUG : test_TC_RF_001 : Open the browser
2023-08-08 13:13:28,085 :INFO : test_TC_RF_001 :Navigated to the homepage
2023-08-08 13:13:28,920 :INFO : test_TC_RF_001 :Navigated to the account registration page
2023-08-08 13:13:39,816 :ERROR : test_TC_RF_001 :Unable to register the account
2023-08-08 13:13:42,527 :DEBUG : test_TC_RF_004 : Open the browser
2023-08-08 13:13:47,128 :DEBUG : test_TC_RF_004 :Navigated to the homepage
2023-08-08 13:13:48,559 :INFO : test_TC_RF_004 :Navigated to the account registration page
2023-08-08 13:13:48,592 :INFO : test_TC_RF_004 :Blank first name
2023-08-08 13:13:48,612 :INFO : test_TC_RF_004 :Error message displayed
2023-08-08 13:13:50,254 :DEBUG : test_TC_RF_008 : Open the browser
2023-08-08 13:13:54,105 :DEBUG : test_TC_RF_008 :Navigated to the homepage
2023-08-08 13:13:55,939 :DEBUG : test_TC_RF_008 :Navigated to the account registration page
2023-08-08 13:13:56,354 :INFO : test_TC_RF_008 :Provided password that doesnt match
2023-08-08 13:13:56,810 :ERROR : test_TC_RF_008 :Password mismatch error message nto displayed
2023-08-08 13:30:00,563 :DEBUG : test_TC_RF_001 : Open the browser
2023-08-08 13:30:00,670 :INFO : test_TC_LF_002 :Navigate to the login page
2023-08-08 13:30:00,846 :INFO : test_TC_LF_001 :Navigate to the login page
2023-08-08 13:30:10,383 :INFO : test_TC_RF_001 :Navigated to the homepage
2023-08-08 13:30:13,504 :INFO : test_TC_LF_002 :login error message displayed as expected
2023-08-08 13:30:13,881 :ERROR : test_TC_LF_001 :log in not successful
2023-08-08 13:30:15,408 :DEBUG : test_TC_RF_008 : Open the browser
2023-08-08 13:30:15,956 :INFO : test_TC_RF_001 :Navigated to the account registration page
2023-08-08 13:30:16,169 :DEBUG : test_TC_RF_004 : Open the browser
2023-08-08 13:30:22,434 :DEBUG : test_TC_RF_008 :Navigated to the homepage
2023-08-08 13:30:26,060 :DEBUG : test_TC_RF_008 :Navigated to the account registration page
2023-08-08 13:30:26,464 :INFO : test_TC_RF_008 :Provided password that doesnt match
2023-08-08 13:30:27,572 :ERROR : test_TC_RF_008 :Password mismatch error message nto displayed
2023-08-08 13:30:27,617 :DEBUG : test_TC_RF_004 :Navigated to the homepage
2023-08-08 13:30:27,620 :ERROR : test_TC_RF_001 :Unable to register the account
2023-08-08 13:30:29,310 :INFO : test_TC_RF_004 :Navigated to the account registration page
2023-08-08 13:30:29,343 :INFO : test_TC_RF_004 :Blank first name
2023-08-08 13:30:29,363 :INFO : test_TC_RF_004 :Error message displayed
2023-08-08 16:57:12,956 :INFO : test_TC_LF_001 :Navigate to the login page
2023-08-08 16:57:17,378 :ERROR : test_TC_LF_001 :log in not successful
2023-08-08 16:57:19,689 :INFO : test_TC_LF_002 :Navigate to the login page
2023-08-08 16:57:24,016 :INFO : test_TC_LF_002 :login error message displayed as expected
2023-08-08 16:57:26,517 :DEBUG : test_TC_RF_001 : Open the browser
2023-08-08 16:57:30,811 :INFO : test_TC_RF_001 :Navigated to the homepage
2023-08-08 16:57:31,980 :INFO : test_TC_RF_001 :Navigated to the account registration page
2023-08-08 16:57:42,932 :ERROR : test_TC_RF_001 :Unable to register the account
2023-08-08 16:57:45,125 :DEBUG : test_TC_RF_004 : Open the browser
2023-08-08 16:57:48,449 :DEBUG : test_TC_RF_004 :Navigated to the homepage
2023-08-08 16:57:50,519 :INFO : test_TC_RF_004 :Navigated to the account registration page
2023-08-08 16:57:50,556 :INFO : test_TC_RF_004 :Blank first name
2023-08-08 16:57:50,574 :INFO : test_TC_RF_004 :Error message displayed
2023-08-08 16:57:52,289 :DEBUG : test_TC_RF_008 : Open the browser
2023-08-08 16:57:55,773 :DEBUG : test_TC_RF_008 :Navigated to the homepage
2023-08-08 16:57:58,345 :DEBUG : test_TC_RF_008 :Navigated to the account registration page
2023-08-08 16:57:58,750 :INFO : test_TC_RF_008 :Provided password that doesnt match
2023-08-08 16:57:59,183 :ERROR : test_TC_RF_008 :Password mismatch error message nto displayed
2023-08-08 16:59:27,831 :INFO : test_TC_LF_001 :Navigate to the login page
2023-08-08 16:59:32,686 :ERROR : test_TC_LF_001 :log in not successful
2023-08-08 16:59:36,687 :INFO : test_TC_LF_002 :Navigate to the login page
2023-08-08 16:59:43,103 :INFO : test_TC_LF_002 :login error message displayed as expected
2023-08-08 16:59:46,608 :DEBUG : test_TC_RF_001 : Open the browser
2023-08-08 16:59:50,578 :INFO : test_TC_RF_001 :Navigated to the homepage
2023-08-08 16:59:51,284 :INFO : test_TC_RF_001 :Navigated to the account registration page
2023-08-08 17:00:02,193 :ERROR : test_TC_RF_001 :Unable to register the account
2023-08-08 17:00:06,047 :DEBUG : test_TC_RF_004 : Open the browser
2023-08-08 17:00:10,246 :DEBUG : test_TC_RF_004 :Navigated to the homepage
2023-08-08 17:00:13,346 :INFO : test_TC_RF_004 :Navigated to the account registration page
2023-08-08 17:00:13,384 :INFO : test_TC_RF_004 :Blank first name
2023-08-08 17:00:13,405 :INFO : test_TC_RF_004 :Error message displayed
2023-08-08 17:00:17,065 :DEBUG : test_TC_RF_008 : Open the browser
2023-08-08 17:00:21,667 :DEBUG : test_TC_RF_008 :Navigated to the homepage
2023-08-08 17:00:22,469 :DEBUG : test_TC_RF_008 :Navigated to the account registration page
2023-08-08 17:00:22,888 :INFO : test_TC_RF_008 :Provided password that doesnt match
2023-08-08 17:00:24,130 :ERROR : test_TC_RF_008 :Password mismatch error message nto displayed
2023-08-09 11:47:54,378 :INFO : test_TC_LF_001 :Navigate to the login page
2023-08-09 11:48:03,131 :ERROR : test_TC_LF_001 :log in not successful
2023-08-09 11:48:09,171 :INFO : test_TC_LF_002 :Navigate to the login page
2023-08-09 11:48:17,104 :INFO : test_TC_LF_002 :login error message displayed as expected
2023-08-09 11:48:22,484 :DEBUG : test_TC_RF_001 : Open the browser
2023-08-09 11:48:30,702 :INFO : test_TC_RF_001 :Navigated to the homepage
2023-08-09 11:48:32,416 :INFO : test_TC_RF_001 :Navigated to the account registration page
2023-08-09 11:48:43,331 :ERROR : test_TC_RF_001 :Unable to register the account
2023-08-09 11:48:48,803 :DEBUG : test_TC_RF_004 : Open the browser
2023-08-09 11:49:00,315 :DEBUG : test_TC_RF_004 :Navigated to the homepage
2023-08-09 11:49:02,865 :INFO : test_TC_RF_004 :Navigated to the account registration page
2023-08-09 11:49:02,898 :INFO : test_TC_RF_004 :Blank first name
2023-08-09 11:49:02,919 :INFO : test_TC_RF_004 :Error message displayed
2023-08-09 11:49:08,664 :DEBUG : test_TC_RF_008 : Open the browser
2023-08-09 11:49:15,296 :DEBUG : test_TC_RF_008 :Navigated to the homepage
2023-08-09 11:49:18,516 :DEBUG : test_TC_RF_008 :Navigated to the account registration page
2023-08-09 11:49:18,964 :INFO : test_TC_RF_008 :Provided password that doesnt match
2023-08-09 11:49:19,551 :ERROR : test_TC_RF_008 :Password mismatch error message nto displayed
2023-08-09 11:53:05,017 :INFO : test_TC_LF_001 :Navigate to the login page
2023-08-09 11:53:18,600 :ERROR : test_TC_LF_001 :log in not successful
2023-08-09 11:53:25,061 :INFO : test_TC_LF_002 :Navigate to the login page
2023-08-09 11:53:38,062 :INFO : test_TC_LF_002 :login error message displayed as expected
2023-08-09 11:53:41,372 :DEBUG : test_TC_RF_001 : Open the browser
2023-08-09 11:53:51,636 :INFO : test_TC_RF_001 :Navigated to the homepage
2023-08-09 11:53:52,475 :INFO : test_TC_RF_001 :Navigated to the account registration page
2023-08-09 11:54:03,874 :ERROR : test_TC_RF_001 :Unable to register the account
2023-08-09 11:54:06,735 :DEBUG : test_TC_RF_004 : Open the browser
2023-08-09 11:54:14,615 :DEBUG : test_TC_RF_004 :Navigated to the homepage
2023-08-09 11:54:16,936 :INFO : test_TC_RF_004 :Navigated to the account registration page
2023-08-09 11:54:16,973 :INFO : test_TC_RF_004 :Blank first name
2023-08-09 11:54:16,993 :INFO : test_TC_RF_004 :Error message displayed
2023-08-09 11:54:19,509 :DEBUG : test_TC_RF_008 : Open the browser
2023-08-09 11:54:38,668 :DEBUG : test_TC_RF_008 :Navigated to the homepage
2023-08-09 11:54:40,578 :DEBUG : test_TC_RF_008 :Navigated to the account registration page
2023-08-09 11:54:40,993 :INFO : test_TC_RF_008 :Provided password that doesnt match
2023-08-09 11:54:42,360 :ERROR : test_TC_RF_008 :Password mismatch error message nto displayed
2023-08-09 13:54:46,442 :INFO : test_TC_LF_001 :Navigate to the login page
2023-08-09 13:54:51,553 :ERROR : test_TC_LF_001 :log in not successful
2023-08-09 13:56:34,783 :INFO : test_TC_LF_001 :Navigate to the login page
2023-08-09 13:57:58,025 :INFO : test_TC_LF_001 :Navigate to the login page
2023-08-09 13:58:03,542 :ERROR : test_TC_LF_001 :log in not successful
2023-08-09 14:04:12,550 :INFO : test_TC_LF_001 :Navigate to the login page
2023-08-09 14:04:18,134 :INFO : test_TC_LF_001 :Log in successful
2023-08-09 14:04:18,138 :INFO : test_TC_LF_001 :My Account
2023-08-09 14:08:15,012 :DEBUG : test_TC_RF_008 : Open the browser
2023-08-09 14:08:18,966 :DEBUG : test_TC_RF_008 :Navigated to the homepage
2023-08-09 14:08:20,437 :DEBUG : test_TC_RF_008 :Navigated to the account registration page
2023-08-09 14:08:20,865 :INFO : test_TC_RF_008 :Provided password that doesnt match
2023-08-09 14:08:21,300 :INFO : test_TC_RF_008 :Password mismatch error message displayed
2023-08-09 14:13:12,276 :INFO : test_TC_LF_001 :Navigate to the login page
2023-08-09 14:13:17,926 :INFO : test_TC_LF_001 :Account Login
2023-08-09 14:13:17,927 :ERROR : test_TC_LF_001 :log in not successful
2023-08-09 14:13:19,545 :INFO : test_TC_LF_002 :Navigate to the login page
2023-08-09 14:13:25,333 :INFO : test_TC_LF_002 :login error message displayed as expected
2023-08-09 14:13:27,126 :DEBUG : test_TC_RF_004 : Open the browser
2023-08-09 14:13:31,858 :DEBUG : test_TC_RF_004 :Navigated to the homepage
2023-08-09 14:13:34,324 :INFO : test_TC_RF_004 :Navigated to the account registration page
2023-08-09 14:13:34,360 :INFO : test_TC_RF_004 :Blank first name
2023-08-09 14:13:34,378 :INFO : test_TC_RF_004 :Error message displayed
2023-08-09 14:13:36,215 :DEBUG : test_TC_RF_008 : Open the browser
2023-08-09 14:13:40,262 :DEBUG : test_TC_RF_008 :Navigated to the homepage
2023-08-09 14:13:41,511 :DEBUG : test_TC_RF_008 :Navigated to the account registration page
2023-08-09 14:13:41,904 :INFO : test_TC_RF_008 :Provided password that doesnt match
2023-08-09 14:13:42,360 :INFO : test_TC_RF_008 :Password mismatch error message displayed
2023-08-09 14:18:29,285 :INFO : test_TC_LF_001 :Navigate to the login page
2023-08-09 14:18:35,102 :INFO : test_TC_LF_001 :Account Login
2023-08-09 14:18:35,102 :ERROR : test_TC_LF_001 :log in not successful
2023-08-09 14:19:19,209 :INFO : test_TC_LF_001 :Navigate to the login page
2023-08-09 14:19:24,056 :INFO : test_TC_LF_001 :Log in successful
2023-08-09 14:19:24,060 :INFO : test_TC_LF_001 :Account Login
2023-08-09 14:19:26,334 :INFO : test_TC_LF_002 :Navigate to the login page
2023-08-09 14:19:32,420 :INFO : test_TC_LF_002 :login error message displayed as expected
2023-08-09 14:19:33,927 :DEBUG : test_TC_RF_004 : Open the browser
2023-08-09 14:19:38,730 :DEBUG : test_TC_RF_004 :Navigated to the homepage
2023-08-09 14:19:41,334 :INFO : test_TC_RF_004 :Navigated to the account registration page
2023-08-09 14:19:41,369 :INFO : test_TC_RF_004 :Blank first name
2023-08-09 14:19:41,388 :INFO : test_TC_RF_004 :Error message displayed
2023-08-09 14:19:43,041 :DEBUG : test_TC_RF_008 : Open the browser
2023-08-09 14:19:48,189 :DEBUG : test_TC_RF_008 :Navigated to the homepage
2023-08-09 14:19:49,256 :DEBUG : test_TC_RF_008 :Navigated to the account registration page
2023-08-09 14:19:49,657 :INFO : test_TC_RF_008 :Provided password that doesnt match
2023-08-09 14:19:50,109 :INFO : test_TC_RF_008 :Password mismatch error message displayed
2023-08-09 14:27:19,947 :INFO : test_TC_LF_001 :Navigate to the login page
2023-08-09 14:27:26,585 :INFO : test_TC_LF_001 :Log in successful
2023-08-09 14:27:26,589 :INFO : test_TC_LF_001 :Account Login
2023-08-09 14:27:28,459 :INFO : test_TC_LF_002 :Navigate to the login page
2023-08-09 14:27:35,110 :INFO : test_TC_LF_002 :login error message displayed as expected
2023-08-09 14:27:37,056 :DEBUG : test_TC_RF_004 : Open the browser
2023-08-09 14:27:41,860 :DEBUG : test_TC_RF_004 :Navigated to the homepage
2023-08-09 14:27:43,828 :INFO : test_TC_RF_004 :Navigated to the account registration page
2023-08-09 14:27:43,865 :INFO : test_TC_RF_004 :Blank first name
2023-08-09 14:27:43,885 :INFO : test_TC_RF_004 :Error message displayed
2023-08-09 14:27:45,794 :DEBUG : test_TC_RF_008 : Open the browser
2023-08-09 14:27:50,274 :DEBUG : test_TC_RF_008 :Navigated to the homepage
2023-08-09 14:27:52,367 :DEBUG : test_TC_RF_008 :Navigated to the account registration page
2023-08-09 14:27:52,773 :INFO : test_TC_RF_008 :Provided password that doesnt match
2023-08-09 14:27:53,219 :INFO : test_TC_RF_008 :Password mismatch error message displayed
2023-08-09 14:33:20,693 :INFO : test_TC_LF_001 :Navigate to the login page
2023-08-09 14:33:26,745 :INFO : test_TC_LF_001 :Log in successful
2023-08-09 14:33:26,750 :INFO : test_TC_LF_001 :Account Login
2023-08-09 14:33:28,449 :INFO : test_TC_LF_002 :Navigate to the login page
2023-08-09 14:33:33,544 :INFO : test_TC_LF_002 :login error message displayed as expected
2023-08-09 14:33:35,941 :DEBUG : test_TC_RF_004 : Open the browser
2023-08-09 14:33:40,921 :DEBUG : test_TC_RF_004 :Navigated to the homepage
2023-08-09 14:33:43,198 :INFO : test_TC_RF_004 :Navigated to the account registration page
2023-08-09 14:33:43,233 :INFO : test_TC_RF_004 :Blank first name
2023-08-09 14:33:43,253 :INFO : test_TC_RF_004 :Error message displayed
2023-08-09 14:33:44,791 :DEBUG : test_TC_RF_008 : Open the browser
2023-08-09 14:33:49,074 :DEBUG : test_TC_RF_008 :Navigated to the homepage
2023-08-09 14:33:51,280 :DEBUG : test_TC_RF_008 :Navigated to the account registration page
2023-08-09 14:33:51,680 :INFO : test_TC_RF_008 :Provided password that doesnt match
2023-08-09 14:33:52,130 :INFO : test_TC_RF_008 :Password mismatch error message displayed
2023-08-10 09:47:49,874 :INFO : test_TC_LF_001 :Navigate to the login page
2023-08-10 09:47:55,818 :INFO : test_TC_LF_001 :Log in successful
2023-08-10 09:47:55,822 :INFO : test_TC_LF_001 :Account Login
2023-08-10 09:47:57,602 :INFO : test_TC_LF_002 :Navigate to the login page
2023-08-10 09:48:03,309 :INFO : test_TC_LF_002 :login error message displayed as expected
2023-08-10 09:48:04,977 :DEBUG : test_TC_RF_004 : Open the browser
2023-08-10 09:48:08,483 :DEBUG : test_TC_RF_004 :Navigated to the homepage
2023-08-10 09:48:10,639 :INFO : test_TC_RF_004 :Navigated to the account registration page
2023-08-10 09:48:10,689 :INFO : test_TC_RF_004 :Blank first name
2023-08-10 09:48:10,708 :INFO : test_TC_RF_004 :Error message displayed
2023-08-10 09:48:12,632 :DEBUG : test_TC_RF_008 : Open the browser
2023-08-10 09:48:17,913 :DEBUG : test_TC_RF_008 :Navigated to the homepage
2023-08-10 09:48:18,635 :DEBUG : test_TC_RF_008 :Navigated to the account registration page
2023-08-10 09:48:19,110 :INFO : test_TC_RF_008 :Provided password that doesnt match
2023-08-10 09:48:19,720 :INFO : test_TC_RF_008 :Password mismatch error message displayed
